** Daemonized, any open files are closed.  Look at /home/hosting_users/hwanghakbeom/galaxy/tmp/pids/mongrel.pid and log/mongrel.log for info.
** Starting Mongrel listening at 0.0.0.0:3000
** Starting Rails with development environment...
** Rails loaded.
** Loading any Rails specific GemPlugins
** Signals ready.  TERM => stop.  USR2 => restart.  INT => stop (no restart).
** Rails signals registered.  HUP => reload (without restart).  It might not work well.
** Mongrel 1.1.5 available at 0.0.0.0:3000
** Writing PID file to /home/hosting_users/hwanghakbeom/galaxy/tmp/pids/mongrel.pid
Wed Nov 20 11:36:08 +0900 2013: Read error: #<Errno::ETIMEDOUT: Connection timed out>
/usr/lib64/ruby/gems/1.8/gems/mongrel-1.1.5/bin/../lib/mongrel/http_response.rb:137:in `write'
/usr/lib64/ruby/gems/1.8/gems/mongrel-1.1.5/bin/../lib/mongrel/http_response.rb:137:in `write'
/usr/lib64/ruby/gems/1.8/gems/mongrel-1.1.5/bin/../lib/mongrel/http_response.rb:103:in `send_body'
/usr/lib64/ruby/gems/1.8/gems/mongrel-1.1.5/bin/../lib/mongrel/http_response.rb:147:in `finished'
/usr/lib64/ruby/gems/1.8/gems/mongrel-1.1.5/bin/../lib/mongrel.rb:165:in `process_client'
/usr/lib64/ruby/gems/1.8/gems/mongrel-1.1.5/bin/../lib/mongrel.rb:285:in `run'
/usr/lib64/ruby/gems/1.8/gems/mongrel-1.1.5/bin/../lib/mongrel.rb:285:in `initialize'
/usr/lib64/ruby/gems/1.8/gems/mongrel-1.1.5/bin/../lib/mongrel.rb:285:in `new'
/usr/lib64/ruby/gems/1.8/gems/mongrel-1.1.5/bin/../lib/mongrel.rb:285:in `run'
/usr/lib64/ruby/gems/1.8/gems/mongrel-1.1.5/bin/../lib/mongrel.rb:268:in `initialize'
/usr/lib64/ruby/gems/1.8/gems/mongrel-1.1.5/bin/../lib/mongrel.rb:268:in `new'
/usr/lib64/ruby/gems/1.8/gems/mongrel-1.1.5/bin/../lib/mongrel.rb:268:in `run'
/usr/lib64/ruby/gems/1.8/gems/mongrel-1.1.5/bin/../lib/mongrel/configurator.rb:282:in `run'
/usr/lib64/ruby/gems/1.8/gems/mongrel-1.1.5/bin/../lib/mongrel/configurator.rb:281:in `each'
/usr/lib64/ruby/gems/1.8/gems/mongrel-1.1.5/bin/../lib/mongrel/configurator.rb:281:in `run'
/usr/lib64/ruby/gems/1.8/gems/mongrel-1.1.5/bin/mongrel_rails:128:in `run'
/usr/lib64/ruby/gems/1.8/gems/mongrel-1.1.5/bin/../lib/mongrel/command.rb:212:in `run'
/usr/lib64/ruby/gems/1.8/gems/mongrel-1.1.5/bin/mongrel_rails:281
/usr/bin/mongrel_rails:19:in `load'
/usr/bin/mongrel_rails:19
** Daemonized, any open files are closed.  Look at /home/hosting_users/hwanghakbeom/galaxy/tmp/pids/mongrel.pid and log/mongrel.log for info.
** Starting Mongrel listening at 0.0.0.0:3000
** Starting Rails with development environment...
** Rails loaded.
** Loading any Rails specific GemPlugins
** Signals ready.  TERM => stop.  USR2 => restart.  INT => stop (no restart).
** Rails signals registered.  HUP => reload (without restart).  It might not work well.
** Mongrel 1.1.5 available at 0.0.0.0:3000
** Writing PID file to /home/hosting_users/hwanghakbeom/galaxy/tmp/pids/mongrel.pid
** Daemonized, any open files are closed.  Look at /home/hosting_users/hwanghakbeom/galaxy/tmp/pids/mongrel.pid and log/mongrel.log for info.
** Starting Mongrel listening at 0.0.0.0:3000
** Starting Rails with development environment...
** Rails loaded.
** Loading any Rails specific GemPlugins
** Signals ready.  TERM => stop.  USR2 => restart.  INT => stop (no restart).
** Rails signals registered.  HUP => reload (without restart).  It might not work well.
** Mongrel 1.1.5 available at 0.0.0.0:3000
** Writing PID file to /home/hosting_users/hwanghakbeom/galaxy/tmp/pids/mongrel.pid
